{"uid":"6410d7f4fd685eaf","name":"test_login","fullName":"TestCases.test_login.TestLogin#test_login","historyId":"834c0cf788ac59bcddad40943dc8846f","time":{"start":1696474362114,"stop":1696474375913,"duration":13799},"status":"broken","statusMessage":"selenium.common.exceptions.TimeoutException: Message: \nStacktrace:\nBacktrace:\n\tGetHandleVerifier [0x008FA813+48355]\n\t(No symbol) [0x0088C4B1]\n\t(No symbol) [0x00795358]\n\t(No symbol) [0x007C09A5]\n\t(No symbol) [0x007C0B3B]\n\t(No symbol) [0x007EE232]\n\t(No symbol) [0x007DA784]\n\t(No symbol) [0x007EC922]\n\t(No symbol) [0x007DA536]\n\t(No symbol) [0x007B82DC]\n\t(No symbol) [0x007B93DD]\n\tGetHandleVerifier [0x00B5AABD+2539405]\n\tGetHandleVerifier [0x00B9A78F+2800735]\n\tGetHandleVerifier [0x00B9456C+2775612]\n\tGetHandleVerifier [0x009851E0+616112]\n\t(No symbol) [0x00895F8C]\n\t(No symbol) [0x00892328]\n\t(No symbol) [0x0089240B]\n\t(No symbol) [0x00884FF7]\n\tBaseThreadInitThunk [0x7733FCC9+25]\n\tRtlGetAppContainerNamedObjectPath [0x77717B1E+286]\n\tRtlGetAppContainerNamedObjectPath [0x77717AEE+238]","statusTrace":"self = <ui.TestCases.test_login.TestLogin object at 0x0000018172D51A90>, access_web = <selenium.webdriver.chrome.webdriver.WebDriver (session=\"18a7ed0333abaf70bd0b241a470ecd94\")>\n\n    def test_login(self,access_web):\n>       result=LoginStep(access_web).login()\n\nTestCases\\test_login.py:8: \n_ _ _ _ _ _ _ _ _ _ _ _ _ _ _ _ _ _ _ _ _ _ _ _ _ _ _ _ _ _ _ _ _ _ _ _ _ _ _ _ _ _ _ _ _ _ _ _ _ _ _ _ _ _ _ _ _ _ _ _ _ _ _ _ _ _ _ _ _ _ _ _ _ _ _ _ _ _ _ _ _ _ _ _ _ _ _ _ _ _ _ _ _ _ _ _ _ _ _ _ _ _ _ _ _ _ _ _ _ _ _ _ _ _\nPageObjects\\login_step.py:9: in login\n    self.click(Login.login)\nCommon\\basepage.py:175: in click\n    self.wait_elevisible(loc, timeout, frequency, doc)\nCommon\\basepage.py:35: in wait_elevisible\n    WebDriverWait(self.driver, timeout, poll_frequency).until(EC.visibility_of_element_located(loc))\n_ _ _ _ _ _ _ _ _ _ _ _ _ _ _ _ _ _ _ _ _ _ _ _ _ _ _ _ _ _ _ _ _ _ _ _ _ _ _ _ _ _ _ _ _ _ _ _ _ _ _ _ _ _ _ _ _ _ _ _ _ _ _ _ _ _ _ _ _ _ _ _ _ _ _ _ _ _ _ _ _ _ _ _ _ _ _ _ _ _ _ _ _ _ _ _ _ _ _ _ _ _ _ _ _ _ _ _ _ _ _ _ _ _\n\nself = <selenium.webdriver.support.wait.WebDriverWait (session=\"18a7ed0333abaf70bd0b241a470ecd94\")>, method = <function visibility_of_element_located.<locals>._predicate at 0x0000018172E7B310>, message = ''\n\n    def until(self, method, message: str = \"\"):\n        \"\"\"Calls the method provided with the driver as an argument until the \\\n        return value does not evaluate to ``False``.\n    \n        :param method: callable(WebDriver)\n        :param message: optional message for :exc:`TimeoutException`\n        :returns: the result of the last call to `method`\n        :raises: :exc:`selenium.common.exceptions.TimeoutException` if timeout occurs\n        \"\"\"\n        screen = None\n        stacktrace = None\n    \n        end_time = time.monotonic() + self._timeout\n        while True:\n            try:\n                value = method(self._driver)\n                if value:\n                    return value\n            except self._ignored_exceptions as exc:\n                screen = getattr(exc, \"screen\", None)\n                stacktrace = getattr(exc, \"stacktrace\", None)\n            time.sleep(self._poll)\n            if time.monotonic() > end_time:\n                break\n>       raise TimeoutException(message, screen, stacktrace)\nE       selenium.common.exceptions.TimeoutException: Message: \nE       Stacktrace:\nE       Backtrace:\nE       \tGetHandleVerifier [0x008FA813+48355]\nE       \t(No symbol) [0x0088C4B1]\nE       \t(No symbol) [0x00795358]\nE       \t(No symbol) [0x007C09A5]\nE       \t(No symbol) [0x007C0B3B]\nE       \t(No symbol) [0x007EE232]\nE       \t(No symbol) [0x007DA784]\nE       \t(No symbol) [0x007EC922]\nE       \t(No symbol) [0x007DA536]\nE       \t(No symbol) [0x007B82DC]\nE       \t(No symbol) [0x007B93DD]\nE       \tGetHandleVerifier [0x00B5AABD+2539405]\nE       \tGetHandleVerifier [0x00B9A78F+2800735]\nE       \tGetHandleVerifier [0x00B9456C+2775612]\nE       \tGetHandleVerifier [0x009851E0+616112]\nE       \t(No symbol) [0x00895F8C]\nE       \t(No symbol) [0x00892328]\nE       \t(No symbol) [0x0089240B]\nE       \t(No symbol) [0x00884FF7]\nE       \tBaseThreadInitThunk [0x7733FCC9+25]\nE       \tRtlGetAppContainerNamedObjectPath [0x77717B1E+286]\nE       \tRtlGetAppContainerNamedObjectPath [0x77717AEE+238]\n\n..\\..\\AppData\\Local\\Programs\\Python\\Python39\\Lib\\site-packages\\selenium\\webdriver\\support\\wait.py:95: TimeoutException","flaky":false,"newFailed":false,"newBroken":false,"newPassed":false,"retriesCount":0,"retriesStatusChange":false,"beforeStages":[{"name":"access_web","time":{"start":1696474328254,"stop":1696474342593,"duration":14339},"status":"passed","steps":[],"attachments":[],"parameters":[],"hasContent":false,"stepsCount":0,"shouldDisplayMessage":false,"attachmentsCount":0}],"testStage":{"status":"broken","statusMessage":"selenium.common.exceptions.TimeoutException: Message: \nStacktrace:\nBacktrace:\n\tGetHandleVerifier [0x008FA813+48355]\n\t(No symbol) [0x0088C4B1]\n\t(No symbol) [0x00795358]\n\t(No symbol) [0x007C09A5]\n\t(No symbol) [0x007C0B3B]\n\t(No symbol) [0x007EE232]\n\t(No symbol) [0x007DA784]\n\t(No symbol) [0x007EC922]\n\t(No symbol) [0x007DA536]\n\t(No symbol) [0x007B82DC]\n\t(No symbol) [0x007B93DD]\n\tGetHandleVerifier [0x00B5AABD+2539405]\n\tGetHandleVerifier [0x00B9A78F+2800735]\n\tGetHandleVerifier [0x00B9456C+2775612]\n\tGetHandleVerifier [0x009851E0+616112]\n\t(No symbol) [0x00895F8C]\n\t(No symbol) [0x00892328]\n\t(No symbol) [0x0089240B]\n\t(No symbol) [0x00884FF7]\n\tBaseThreadInitThunk [0x7733FCC9+25]\n\tRtlGetAppContainerNamedObjectPath [0x77717B1E+286]\n\tRtlGetAppContainerNamedObjectPath [0x77717AEE+238]","statusTrace":"self = <ui.TestCases.test_login.TestLogin object at 0x0000018172D51A90>, access_web = <selenium.webdriver.chrome.webdriver.WebDriver (session=\"18a7ed0333abaf70bd0b241a470ecd94\")>\n\n    def test_login(self,access_web):\n>       result=LoginStep(access_web).login()\n\nTestCases\\test_login.py:8: \n_ _ _ _ _ _ _ _ _ _ _ _ _ _ _ _ _ _ _ _ _ _ _ _ _ _ _ _ _ _ _ _ _ _ _ _ _ _ _ _ _ _ _ _ _ _ _ _ _ _ _ _ _ _ _ _ _ _ _ _ _ _ _ _ _ _ _ _ _ _ _ _ _ _ _ _ _ _ _ _ _ _ _ _ _ _ _ _ _ _ _ _ _ _ _ _ _ _ _ _ _ _ _ _ _ _ _ _ _ _ _ _ _ _\nPageObjects\\login_step.py:9: in login\n    self.click(Login.login)\nCommon\\basepage.py:175: in click\n    self.wait_elevisible(loc, timeout, frequency, doc)\nCommon\\basepage.py:35: in wait_elevisible\n    WebDriverWait(self.driver, timeout, poll_frequency).until(EC.visibility_of_element_located(loc))\n_ _ _ _ _ _ _ _ _ _ _ _ _ _ _ _ _ _ _ _ _ _ _ _ _ _ _ _ _ _ _ _ _ _ _ _ _ _ _ _ _ _ _ _ _ _ _ _ _ _ _ _ _ _ _ _ _ _ _ _ _ _ _ _ _ _ _ _ _ _ _ _ _ _ _ _ _ _ _ _ _ _ _ _ _ _ _ _ _ _ _ _ _ _ _ _ _ _ _ _ _ _ _ _ _ _ _ _ _ _ _ _ _ _\n\nself = <selenium.webdriver.support.wait.WebDriverWait (session=\"18a7ed0333abaf70bd0b241a470ecd94\")>, method = <function visibility_of_element_located.<locals>._predicate at 0x0000018172E7B310>, message = ''\n\n    def until(self, method, message: str = \"\"):\n        \"\"\"Calls the method provided with the driver as an argument until the \\\n        return value does not evaluate to ``False``.\n    \n        :param method: callable(WebDriver)\n        :param message: optional message for :exc:`TimeoutException`\n        :returns: the result of the last call to `method`\n        :raises: :exc:`selenium.common.exceptions.TimeoutException` if timeout occurs\n        \"\"\"\n        screen = None\n        stacktrace = None\n    \n        end_time = time.monotonic() + self._timeout\n        while True:\n            try:\n                value = method(self._driver)\n                if value:\n                    return value\n            except self._ignored_exceptions as exc:\n                screen = getattr(exc, \"screen\", None)\n                stacktrace = getattr(exc, \"stacktrace\", None)\n            time.sleep(self._poll)\n            if time.monotonic() > end_time:\n                break\n>       raise TimeoutException(message, screen, stacktrace)\nE       selenium.common.exceptions.TimeoutException: Message: \nE       Stacktrace:\nE       Backtrace:\nE       \tGetHandleVerifier [0x008FA813+48355]\nE       \t(No symbol) [0x0088C4B1]\nE       \t(No symbol) [0x00795358]\nE       \t(No symbol) [0x007C09A5]\nE       \t(No symbol) [0x007C0B3B]\nE       \t(No symbol) [0x007EE232]\nE       \t(No symbol) [0x007DA784]\nE       \t(No symbol) [0x007EC922]\nE       \t(No symbol) [0x007DA536]\nE       \t(No symbol) [0x007B82DC]\nE       \t(No symbol) [0x007B93DD]\nE       \tGetHandleVerifier [0x00B5AABD+2539405]\nE       \tGetHandleVerifier [0x00B9A78F+2800735]\nE       \tGetHandleVerifier [0x00B9456C+2775612]\nE       \tGetHandleVerifier [0x009851E0+616112]\nE       \t(No symbol) [0x00895F8C]\nE       \t(No symbol) [0x00892328]\nE       \t(No symbol) [0x0089240B]\nE       \t(No symbol) [0x00884FF7]\nE       \tBaseThreadInitThunk [0x7733FCC9+25]\nE       \tRtlGetAppContainerNamedObjectPath [0x77717B1E+286]\nE       \tRtlGetAppContainerNamedObjectPath [0x77717AEE+238]\n\n..\\..\\AppData\\Local\\Programs\\Python\\Python39\\Lib\\site-packages\\selenium\\webdriver\\support\\wait.py:95: TimeoutException","steps":[],"attachments":[{"uid":"7931859f33ed59c8","name":"log","source":"7931859f33ed59c8.txt","type":"text/plain","size":5765}],"parameters":[],"hasContent":true,"stepsCount":0,"shouldDisplayMessage":true,"attachmentsCount":1},"afterStages":[{"name":"access_web::0","time":{"start":1696474403360,"stop":1696474410578,"duration":7218},"status":"passed","steps":[],"attachments":[],"parameters":[],"hasContent":false,"stepsCount":0,"shouldDisplayMessage":false,"attachmentsCount":0}],"labels":[{"name":"parentSuite","value":"TestCases"},{"name":"suite","value":"test_login"},{"name":"subSuite","value":"TestLogin"},{"name":"host","value":"DESKTOP-0KBTTA1"},{"name":"thread","value":"17028-MainThread"},{"name":"framework","value":"pytest"},{"name":"language","value":"cpython3"},{"name":"package","value":"TestCases.test_login"},{"name":"resultFormat","value":"allure2"}],"parameters":[],"links":[],"hidden":true,"retry":true,"extra":{"categories":[],"tags":[]},"source":"6410d7f4fd685eaf.json","parameterValues":[]}