{"name": "test_login", "status": "failed", "statusDetails": {"message": "AssertionError: assert False == True", "trace": "self = <ui.TestCases.test_login.TestLogin object at 0x000002B2460A8C70>, access_web = <selenium.webdriver.chrome.webdriver.WebDriver (session=\"454fca385630c2444868b9ebeeb46ab7\")>\n\n    def test_login(self,access_web):\n        result=LoginStep(access_web).login()\n>       assert result==True\nE       assert False == True\n\nTestCases\\test_login.py:9: AssertionError"}, "attachments": [{"name": "log", "source": "bf579f9b-6b31-4256-aead-adc856223885-attachment.txt", "type": "text/plain"}], "start": 1695114054465, "stop": 1695114070714, "uuid": "af015e72-91ca-483a-86e1-008cd17b039b", "historyId": "834c0cf788ac59bcddad40943dc8846f", "testCaseId": "834c0cf788ac59bcddad40943dc8846f", "fullName": "TestCases.test_login.TestLogin#test_login", "labels": [{"name": "parentSuite", "value": "TestCases"}, {"name": "suite", "value": "test_login"}, {"name": "subSuite", "value": "TestLogin"}, {"name": "host", "value": "DESKTOP-0KBTTA1"}, {"name": "thread", "value": "12560-MainThread"}, {"name": "framework", "value": "pytest"}, {"name": "language", "value": "cpython3"}, {"name": "package", "value": "TestCases.test_login"}]}