{"name": "test_login", "status": "failed", "statusDetails": {"message": "AssertionError: assert False == True", "trace": "self = <ui.TestCases.test_login.TestLogin object at 0x0000018172D51A90>, access_web = <selenium.webdriver.chrome.webdriver.WebDriver (session=\"18a7ed0333abaf70bd0b241a470ecd94\")>\n\n    def test_login(self,access_web):\n        result=LoginStep(access_web).login()\n>       assert result==True\nE       assert False == True\n\nTestCases\\test_login.py:9: AssertionError"}, "attachments": [{"name": "log", "source": "61aba152-7651-410f-aad4-ed0655c0f4ea-attachment.txt", "type": "text/plain"}], "start": 1696474342594, "stop": 1696474362000, "uuid": "31316afa-fdb7-4dee-b5b4-cee4510f3adc", "historyId": "834c0cf788ac59bcddad40943dc8846f", "testCaseId": "834c0cf788ac59bcddad40943dc8846f", "fullName": "TestCases.test_login.TestLogin#test_login", "labels": [{"name": "parentSuite", "value": "TestCases"}, {"name": "suite", "value": "test_login"}, {"name": "subSuite", "value": "TestLogin"}, {"name": "host", "value": "DESKTOP-0KBTTA1"}, {"name": "thread", "value": "17028-MainThread"}, {"name": "framework", "value": "pytest"}, {"name": "language", "value": "cpython3"}, {"name": "package", "value": "TestCases.test_login"}]}